Watching for file changes with StatReloader
Watching for file changes with StatReloader
Not Found: /
Not Found: /favicon.ico
Not Found: /api/login
Not Found: /api//api/login
Not Found: /api/ api/login/
C:\Users\arush\OneDrive\Desktop\School\Winter 2024\CPSC 471\FinalProject\CPSC471ParkingProject\back_end\parking\urls.py changed, reloading.
Watching for file changes with StatReloader
Not Found: /api/ api/login/
Not Found: /api/ api/
Not Found: /api/ api/login
C:\Users\arush\OneDrive\Desktop\School\Winter 2024\CPSC 471\FinalProject\CPSC471ParkingProject\back_end\parking\urls.py changed, reloading.
Watching for file changes with StatReloader
Not Found: /api/ api/login
C:\Users\arush\OneDrive\Desktop\School\Winter 2024\CPSC 471\FinalProject\CPSC471ParkingProject\back_end\parking\urls.py changed, reloading.
Watching for file changes with StatReloader
Not Found: /api/ api/login
Not Found: /api/ api/login
Not Found: /api/login
Not Found: /api/login/john
Not Found: /api/login/
Not Found: /favicon.ico
Not Found: /api/login/
Successfully imported extension module "markdown.extensions.toc".
Successfully loaded extension "markdown.extensions.toc.TocExtension".
Not Found: /api/<int:pk>/
Not Found: /api/login/
C:\Users\arush\OneDrive\Desktop\School\Winter 2024\CPSC 471\FinalProject\CPSC471ParkingProject\back_end\parking_api\settings.py changed, reloading.
